[2026-02-25 19:14:55] INFO     - ================================================================================
[2026-02-25 19:14:55] INFO     - DRONE SWARM AI - END-TO-END PIPELINE
[2026-02-25 19:14:55] INFO     - ================================================================================
[2026-02-25 19:14:55] INFO     - Mode: 3D
[2026-02-25 19:14:55] INFO     - Output: output/
[2026-02-25 19:14:55] INFO     - Image: input_images/516AaQ6o17L.webp
[2026-02-25 19:14:55] INFO     - Base Drones: 600
[2026-02-25 19:14:55] INFO     - [3D PIPELINE] Starting with image='input_images/516AaQ6o17L.webp'
[2026-02-25 19:15:03] INFO     - Step 1/4: Extracting 2D outline from image...
[2026-02-25 19:15:05] INFO     - [OK] Extracted 600 2D waypoints
[2026-02-25 19:15:06] INFO     - [OK] Saved 2D precision visualization to output\formation_2d_precision.png
[2026-02-25 19:15:06] INFO     - Step 2/4: Lifting to 3D with depth estimation...
[2026-02-25 19:15:08] INFO     - [OK] Created 3D volumetric formation with 600 drones
[2026-02-25 19:15:08] INFO     - Step 3/4: Initializing drone positions and assigning targets...
[2026-02-25 19:15:08] INFO     - [OK] Assigned 600 drones to waypoints
[2026-02-25 19:15:08] INFO     - Step 4/4: Running 3D physics simulation...
[2026-02-25 19:15:08] DEBUG    -   Frame 0/150
[2026-02-25 19:15:08] DEBUG    -   Frame 25/150
[2026-02-25 19:15:08] DEBUG    -   Frame 50/150
[2026-02-25 19:15:08] DEBUG    -   Frame 75/150
[2026-02-25 19:15:09] DEBUG    -   Frame 100/150
[2026-02-25 19:15:09] DEBUG    -   Frame 125/150
[2026-02-25 19:15:09] INFO     - [OK] Simulation converged after 150 frames
[2026-02-25 19:15:10] INFO     - Connectivity Ratio:       0.3726
[2026-02-25 19:15:10] INFO     - Min Inter-Drone Distance: 0.4597
[2026-02-25 19:15:10] INFO     - Avg Inter-Drone Distance: 6.5507
[2026-02-25 19:15:10] INFO     - Convergence Error:        0.4247
[2026-02-25 19:15:10] INFO     - Generating precision visualization...
[2026-02-25 19:15:10] INFO     - [OK] Saved visualization to output\formation_precision_report.png
[2026-02-25 19:15:10] INFO     - [OK] Exported 600 drone positions to output/formation_3d_20260225_191455.csv
[2026-02-25 19:15:10] INFO     - [OK] Exported metrics to output/formation_3d_20260225_191455_metrics.json
[2026-02-25 19:15:10] INFO     - ================================================================================
[2026-02-25 19:15:10] INFO     - [SUCCESS] PIPELINE COMPLETED SUCCESSFULLY
[2026-02-25 19:15:10] INFO     - ================================================================================
