[2026-02-25 19:17:02] INFO     - ================================================================================
[2026-02-25 19:17:02] INFO     - DRONE SWARM AI - END-TO-END PIPELINE
[2026-02-25 19:17:02] INFO     - ================================================================================
[2026-02-25 19:17:02] INFO     - Mode: 3D
[2026-02-25 19:17:02] INFO     - Output: output/
[2026-02-25 19:17:02] INFO     - Image: input_images/516AaQ6o17L.webp
[2026-02-25 19:17:02] INFO     - Base Drones: 1000
[2026-02-25 19:17:02] INFO     - [3D PIPELINE] Starting with image='input_images/516AaQ6o17L.webp'
[2026-02-25 19:17:11] INFO     - Step 1/4: Extracting 2D outline from image...
[2026-02-25 19:17:13] INFO     - [OK] Extracted 1000 2D waypoints
[2026-02-25 19:17:14] INFO     - [OK] Saved 2D precision visualization to output\formation_2d_precision.png
[2026-02-25 19:17:14] INFO     - Step 2/4: Lifting to 3D with depth estimation...
[2026-02-25 19:17:16] INFO     - [OK] Created 3D volumetric formation with 1000 drones
[2026-02-25 19:17:16] INFO     - Step 3/4: Initializing drone positions and assigning targets...
[2026-02-25 19:17:16] INFO     - [OK] Assigned 1000 drones to waypoints
[2026-02-25 19:17:16] INFO     - Step 4/4: Running 3D physics simulation...
[2026-02-25 19:17:16] DEBUG    -   Frame 0/150
[2026-02-25 19:17:16] DEBUG    -   Frame 25/150
[2026-02-25 19:17:17] DEBUG    -   Frame 50/150
[2026-02-25 19:17:17] DEBUG    -   Frame 75/150
[2026-02-25 19:17:18] DEBUG    -   Frame 100/150
[2026-02-25 19:17:18] DEBUG    -   Frame 125/150
[2026-02-25 19:17:19] INFO     - [OK] Simulation converged after 150 frames
[2026-02-25 19:17:20] INFO     - Connectivity Ratio:       0.3623
[2026-02-25 19:17:20] INFO     - Min Inter-Drone Distance: 0.3569
[2026-02-25 19:17:20] INFO     - Avg Inter-Drone Distance: 6.6716
[2026-02-25 19:17:20] INFO     - Convergence Error:        0.5812
[2026-02-25 19:17:20] INFO     - Generating precision visualization...
[2026-02-25 19:17:21] INFO     - [OK] Saved visualization to output\formation_precision_report.png
[2026-02-25 19:17:21] INFO     - [OK] Exported 1000 drone positions to output/formation_3d_20260225_191702.csv
[2026-02-25 19:17:21] INFO     - [OK] Exported metrics to output/formation_3d_20260225_191702_metrics.json
[2026-02-25 19:17:21] INFO     - ================================================================================
[2026-02-25 19:17:21] INFO     - [SUCCESS] PIPELINE COMPLETED SUCCESSFULLY
[2026-02-25 19:17:21] INFO     - ================================================================================
