[2026-02-25 18:55:48] INFO     - ================================================================================
[2026-02-25 18:55:48] INFO     - DRONE SWARM AI - END-TO-END PIPELINE
[2026-02-25 18:55:48] INFO     - ================================================================================
[2026-02-25 18:55:48] INFO     - Mode: 3D
[2026-02-25 18:55:48] INFO     - Output: output/
[2026-02-25 18:55:48] INFO     - Image: input_images/516AaQ6o17L.webp
[2026-02-25 18:55:48] INFO     - Base Drones: 300
[2026-02-25 18:55:48] INFO     - [3D PIPELINE] Starting with image='input_images/516AaQ6o17L.webp'
[2026-02-25 18:55:57] INFO     - Step 1/4: Extracting 2D outline from image...
[2026-02-25 18:55:59] INFO     - [OK] Extracted 300 2D waypoints
[2026-02-25 18:55:59] INFO     - Step 2/4: Lifting to 3D with depth estimation...
[2026-02-25 18:56:01] INFO     - [OK] Created 3D volumetric formation with 1174 drones
[2026-02-25 18:56:01] INFO     - Step 3/4: Initializing drone positions and assigning targets...
[2026-02-25 18:56:01] INFO     - [OK] Assigned 1174 drones to waypoints
[2026-02-25 18:56:01] INFO     - Step 4/4: Running 3D physics simulation...
[2026-02-25 18:56:02] DEBUG    -   Frame 0/150
[2026-02-25 18:56:02] DEBUG    -   Frame 25/150
[2026-02-25 18:56:03] DEBUG    -   Frame 50/150
[2026-02-25 18:56:03] DEBUG    -   Frame 75/150
[2026-02-25 18:56:04] DEBUG    -   Frame 100/150
[2026-02-25 18:56:05] DEBUG    -   Frame 125/150
[2026-02-25 18:56:05] INFO     - [OK] Simulation converged after 150 frames
[2026-02-25 18:56:07] INFO     - Connectivity Ratio:       0.2771
[2026-02-25 18:56:07] INFO     - Min Inter-Drone Distance: 0.3008
[2026-02-25 18:56:07] INFO     - Avg Inter-Drone Distance: 7.4754
[2026-02-25 18:56:07] INFO     - Convergence Error:        0.7068
[2026-02-25 18:56:07] INFO     - Generating 3D visualization...
[2026-02-25 18:56:08] INFO     - [OK] Saved visualization to output\formation_3d_visualization.png
[2026-02-25 18:57:34] INFO     - [OK] Exported 1174 drone positions to output/formation_3d_20260225_185548.csv
[2026-02-25 18:57:34] INFO     - [OK] Exported metrics to output/formation_3d_20260225_185548_metrics.json
[2026-02-25 18:57:34] INFO     - ================================================================================
[2026-02-25 18:57:34] INFO     - [SUCCESS] PIPELINE COMPLETED SUCCESSFULLY
[2026-02-25 18:57:34] INFO     - ================================================================================
