[2026-02-25 18:45:47] INFO     - ================================================================================
[2026-02-25 18:45:47] INFO     - DRONE SWARM AI - END-TO-END PIPELINE
[2026-02-25 18:45:47] INFO     - ================================================================================
[2026-02-25 18:45:47] INFO     - Mode: 2D
[2026-02-25 18:45:47] INFO     - Output: output/test_pipeline_2d.csv
[2026-02-25 18:45:47] INFO     - Shape: grid
[2026-02-25 18:45:47] INFO     - Num Drones: 30
[2026-02-25 18:45:47] INFO     - [2D PIPELINE] Starting with shape='grid', N=30
[2026-02-25 18:45:48] INFO     - Generating grid formation...
[2026-02-25 18:45:48] INFO     - Running physics simulation...
[2026-02-25 18:45:48] DEBUG    -   Frame 0/120
[2026-02-25 18:45:48] DEBUG    -   Frame 20/120
[2026-02-25 18:45:48] DEBUG    -   Frame 40/120
[2026-02-25 18:45:48] DEBUG    -   Frame 60/120
[2026-02-25 18:45:48] DEBUG    -   Frame 80/120
[2026-02-25 18:45:48] DEBUG    -   Frame 100/120
[2026-02-25 18:45:48] INFO     - Connectivity Ratio: 0.0000
[2026-02-25 18:45:48] INFO     - Min Inter-Drone Distance: 0.0000
[2026-02-25 18:45:48] INFO     - Convergence Error: 0.0000
[2026-02-25 18:45:48] INFO     - ================================================================================
[2026-02-25 18:45:48] INFO     - ================================================================================
