[2026-02-25 18:46:58] INFO     - ================================================================================
[2026-02-25 18:46:58] INFO     - DRONE SWARM AI - END-TO-END PIPELINE
[2026-02-25 18:46:58] INFO     - ================================================================================
[2026-02-25 18:46:58] INFO     - Mode: 2D
[2026-02-25 18:46:58] INFO     - Output: output/test_circle_40.csv
[2026-02-25 18:46:58] INFO     - Shape: circle
[2026-02-25 18:46:58] INFO     - Num Drones: 40
[2026-02-25 18:46:58] INFO     - [2D PIPELINE] Starting with shape='circle', N=40
[2026-02-25 18:46:59] INFO     - Generating circle formation...
[2026-02-25 18:46:59] INFO     - [OK] Generated 40 waypoints
[2026-02-25 18:46:59] INFO     - Running physics simulation...
[2026-02-25 18:46:59] DEBUG    -   Frame 0/120
[2026-02-25 18:46:59] DEBUG    -   Frame 20/120
[2026-02-25 18:46:59] DEBUG    -   Frame 40/120
[2026-02-25 18:46:59] DEBUG    -   Frame 60/120
[2026-02-25 18:46:59] DEBUG    -   Frame 80/120
[2026-02-25 18:46:59] DEBUG    -   Frame 100/120
[2026-02-25 18:46:59] INFO     - Connectivity Ratio: 0.0000
[2026-02-25 18:46:59] INFO     - Min Inter-Drone Distance: 0.0000
[2026-02-25 18:46:59] INFO     - Convergence Error: 0.0000
[2026-02-25 18:46:59] INFO     - [OK] Exported 40 drone positions to output/test_circle_40.csv
[2026-02-25 18:46:59] INFO     - [OK] Exported metrics to output/test_circle_40_metrics.json
[2026-02-25 18:46:59] INFO     - ================================================================================
[2026-02-25 18:46:59] INFO     - [SUCCESS] PIPELINE COMPLETED SUCCESSFULLY
[2026-02-25 18:46:59] INFO     - ================================================================================
