[2026-02-25 19:04:05] INFO     - ================================================================================
[2026-02-25 19:04:05] INFO     - DRONE SWARM AI - END-TO-END PIPELINE
[2026-02-25 19:04:05] INFO     - ================================================================================
[2026-02-25 19:04:05] INFO     - Mode: 3D
[2026-02-25 19:04:05] INFO     - Output: output/
[2026-02-25 19:04:05] INFO     - Image: input_images/516AaQ6o17L.webp
[2026-02-25 19:04:05] INFO     - Base Drones: 500
[2026-02-25 19:04:05] INFO     - [3D PIPELINE] Starting with image='input_images/516AaQ6o17L.webp'
[2026-02-25 19:04:14] INFO     - Step 1/4: Extracting 2D outline from image...
[2026-02-25 19:04:15] INFO     - [OK] Extracted 300 2D waypoints
[2026-02-25 19:04:15] INFO     - Step 2/4: Lifting to 3D with depth estimation...
[2026-02-25 19:04:17] INFO     - [OK] Created 3D volumetric formation with 1166 drones
[2026-02-25 19:04:17] INFO     - Step 3/4: Initializing drone positions and assigning targets...
[2026-02-25 19:04:18] INFO     - [OK] Assigned 1166 drones to waypoints
[2026-02-25 19:04:18] INFO     - Step 4/4: Running 3D physics simulation...
[2026-02-25 19:04:18] DEBUG    -   Frame 0/150
[2026-02-25 19:04:18] DEBUG    -   Frame 25/150
[2026-02-25 19:04:19] DEBUG    -   Frame 50/150
[2026-02-25 19:04:19] DEBUG    -   Frame 75/150
[2026-02-25 19:04:20] DEBUG    -   Frame 100/150
[2026-02-25 19:04:20] DEBUG    -   Frame 125/150
[2026-02-25 19:04:21] INFO     - [OK] Simulation converged after 150 frames
[2026-02-25 19:04:23] INFO     - Connectivity Ratio:       0.2903
[2026-02-25 19:04:23] INFO     - Min Inter-Drone Distance: 0.3869
[2026-02-25 19:04:23] INFO     - Avg Inter-Drone Distance: 7.1807
[2026-02-25 19:04:23] INFO     - Convergence Error:        0.5363
[2026-02-25 19:04:23] INFO     - Generating 3D visualization...
[2026-02-25 19:04:23] INFO     - [OK] Saved visualization to output\formation_3d_visualization.png
[2026-02-25 19:06:36] INFO     - [OK] Exported 1166 drone positions to output/formation_3d_20260225_190405.csv
[2026-02-25 19:06:36] INFO     - [OK] Exported metrics to output/formation_3d_20260225_190405_metrics.json
[2026-02-25 19:06:36] INFO     - ================================================================================
[2026-02-25 19:06:36] INFO     - [SUCCESS] PIPELINE COMPLETED SUCCESSFULLY
[2026-02-25 19:06:36] INFO     - ================================================================================
